# JRE version: OpenJDK Runtime Environment Temurin-21.0.8+9 (21.0.8+9) (build 21.0.8+9-LTS)
# Java VM: OpenJDK 64-Bit Server VM Temurin-21.0.8+9 (21.0.8+9-LTS, mixed mode, sharing, tiered, compressed oops, compressed class ptrs, parallel gc, windows-amd64)
GC Precious Log:
 CardTable entry size: 512
 CPUs: 12 total, 12 available
 Memory: 7876M
 Large Page Support: Disabled
 NUMA Support: Disabled
 Compressed Oops: Enabled (32-bit)
 Alignments: Space 512K, Generation 512K, Heap 2M
 Heap Min Capacity: 100M
 Heap Initial Capacity: 100M
 Heap Max Capacity: 2G
 Pre-touch: Disabled
 Parallel Workers: 10
Heap:
 PSYoungGen      total 2560K, used 542K [0x00000000d5580000, 0x00000000d5c80000, 0x0000000100000000)
  eden space 2048K, 6% used [0x00000000d5580000,0x00000000d559fb40,0x00000000d5780000)
  from space 512K, 81% used [0x00000000d5c00000,0x00000000d5c68060,0x00000000d5c80000)
  to   space 512K, 0% used [0x00000000d5b80000,0x00000000d5b80000,0x00000000d5c00000)
 ParOldGen       total 1165312K, used 1164484K [0x0000000080000000, 0x00000000c7200000, 0x00000000d5580000)
  object space 1165312K, 99% used [0x0000000080000000,0x00000000c7131160,0x00000000c7200000)
 Metaspace       used 93481K, committed 95296K, reserved 1179648K
  class space    used 9597K, committed 10496K, reserved 1048576K
GC Heap History (20 events):
Event: 15878.076 GC heap before
{Heap before GC invocations=2748 (full 5):
 PSYoungGen      total 3584K, used 3168K [0x00000000d5580000, 0x00000000d5b00000, 0x0000000100000000)
  eden space 2048K, 100% used [0x00000000d5580000,0x00000000d5780000,0x00000000d5780000)
  from space 1536K, 72% used [0x00000000d5980000,0x00000000d5a98000,0x00000000d5b00000)
  to   space 1536K, 0% used [0x00000000d5800000,0x00000000d5800000,0x00000000d5980000)
 ParOldGen       total 1117184K, used 1116657K [0x0000000080000000, 0x00000000c4300000, 0x00000000d5580000)
  object space 1117184K, 99% used [0x0000000080000000,0x00000000c427c630,0x00000000c4300000)
 Metaspace       used 93474K, committed 95296K, reserved 1179648K
  class space    used 9597K, committed 10496K, reserved 1048576K
}
Event: 15878.086 GC heap after
{Heap after GC invocations=2748 (full 5):
 PSYoungGen      total 4096K, used 1534K [0x00000000d5580000, 0x00000000d5f00000, 0x0000000100000000)
  eden space 2560K, 0% used [0x00000000d5580000,0x00000000d5580000,0x00000000d5800000)
  from space 1536K, 99% used [0x00000000d5800000,0x00000000d597f910,0x00000000d5980000)
  to   space 3584K, 0% used [0x00000000d5b80000,0x00000000d5b80000,0x00000000d5f00000)
 ParOldGen       total 1118208K, used 1118142K [0x0000000080000000, 0x00000000c4400000, 0x00000000d5580000)
  object space 1118208K, 99% used [0x0000000080000000,0x00000000c43ef8b8,0x00000000c4400000)
 Metaspace       used 93474K, committed 95296K, reserved 1179648K
  class space    used 9597K, committed 10496K, reserved 1048576K
}
Event: 15878.117 GC heap before
{Heap before GC invocations=2749 (full 5):
 PSYoungGen      total 4096K, used 4094K [0x00000000d5580000, 0x00000000d5f00000, 0x0000000100000000)
  eden space 2560K, 100% used [0x00000000d5580000,0x00000000d5800000,0x00000000d5800000)
  from space 1536K, 99% used [0x00000000d5800000,0x00000000d597f910,0x00000000d5980000)
  to   space 3584K, 0% used [0x00000000d5b80000,0x00000000d5b80000,0x00000000d5f00000)
 ParOldGen       total 1118208K, used 1118142K [0x0000000080000000, 0x00000000c4400000, 0x00000000d5580000)
  object space 1118208K, 99% used [0x0000000080000000,0x00000000c43ef8b8,0x00000000c4400000)
 Metaspace       used 93474K, committed 95296K, reserved 1179648K
  class space    used 9597K, committed 10496K, reserved 1048576K
}
Event: 15878.124 GC heap after
{Heap after GC invocations=2749 (full 5):
 PSYoungGen      total 6144K, used 2688K [0x00000000d5580000, 0x00000000d5e80000, 0x0000000100000000)
  eden space 3072K, 0% used [0x00000000d5580000,0x00000000d5580000,0x00000000d5880000)
  from space 3072K, 87% used [0x00000000d5b80000,0x00000000d5e20000,0x00000000d5e80000)
  to   space 3072K, 0% used [0x00000000d5880000,0x00000000d5880000,0x00000000d5b80000)
 ParOldGen       total 1119744K, used 1119652K [0x0000000080000000, 0x00000000c4580000, 0x00000000d5580000)
  object space 1119744K, 99% used [0x0000000080000000,0x00000000c45691c8,0x00000000c4580000)
 Metaspace       used 93474K, committed 95296K, reserved 1179648K
  class space    used 9597K, committed 10496K, reserved 1048576K
}
Event: 15878.136 GC heap before
{Heap before GC invocations=2750 (full 5):
 PSYoungGen      total 6144K, used 5760K [0x00000000d5580000, 0x00000000d5e80000, 0x0000000100000000)
  eden space 3072K, 100% used [0x00000000d5580000,0x00000000d5880000,0x00000000d5880000)
  from space 3072K, 87% used [0x00000000d5b80000,0x00000000d5e20000,0x00000000d5e80000)
  to   space 3072K, 0% used [0x00000000d5880000,0x00000000d5880000,0x00000000d5b80000)
 ParOldGen       total 1119744K, used 1119652K [0x0000000080000000, 0x00000000c4580000, 0x00000000d5580000)
  object space 1119744K, 99% used [0x0000000080000000,0x00000000c45691c8,0x00000000c4580000)
 Metaspace       used 93474K, committed 95296K, reserved 1179648K
  class space    used 9597K, committed 10496K, reserved 1048576K
}
Event: 15878.145 GC heap after
{Heap after GC invocations=2750 (full 5):
 PSYoungGen      total 6144K, used 3072K [0x00000000d5580000, 0x00000000d6680000, 0x0000000100000000)
  eden space 3072K, 0% used [0x00000000d5580000,0x00000000d5580000,0x00000000d5880000)
  from space 3072K, 100% used [0x00000000d5880000,0x00000000d5b80000,0x00000000d5b80000)
  to   space 6656K, 0% used [0x00000000d6000000,0x00000000d6000000,0x00000000d6680000)
 ParOldGen       total 1122304K, used 1122260K [0x0000000080000000, 0x00000000c4800000, 0x00000000d5580000)
  object space 1122304K, 99% used [0x0000000080000000,0x00000000c47f51d8,0x00000000c4800000)
 Metaspace       used 93474K, committed 95296K, reserved 1179648K
  class space    used 9597K, committed 10496K, reserved 1048576K
}
Event: 15878.172 GC heap before
{Heap before GC invocations=2751 (full 5):
 PSYoungGen      total 6144K, used 6116K [0x00000000d5580000, 0x00000000d6680000, 0x0000000100000000)
  eden space 3072K, 99% used [0x00000000d5580000,0x00000000d58791c8,0x00000000d5880000)
  from space 3072K, 100% used [0x00000000d5880000,0x00000000d5b80000,0x00000000d5b80000)
  to   space 6656K, 0% used [0x00000000d6000000,0x00000000d6000000,0x00000000d6680000)
 ParOldGen       total 1122304K, used 1122260K [0x0000000080000000, 0x00000000c4800000, 0x00000000d5580000)
  object space 1122304K, 99% used [0x0000000080000000,0x00000000c47f51d8,0x00000000c4800000)
 Metaspace       used 93474K, committed 95296K, reserved 1179648K
  class space    used 9597K, committed 10496K, reserved 1048576K
}
Event: 15878.182 GC heap after
{Heap after GC invocations=2751 (full 5):
 PSYoungGen      total 7168K, used 2688K [0x00000000d5580000, 0x00000000d6300000, 0x0000000100000000)
  eden space 4096K, 0% used [0x00000000d5580000,0x00000000d5580000,0x00000000d5980000)
  from space 3072K, 87% used [0x00000000d6000000,0x00000000d62a0000,0x00000000d6300000)
  to   space 4096K, 0% used [0x00000000d5b00000,0x00000000d5b00000,0x00000000d5f00000)
 ParOldGen       total 1125376K, used 1125308K [0x0000000080000000, 0x00000000c4b00000, 0x00000000d5580000)
  object space 1125376K, 99% used [0x0000000080000000,0x00000000c4aef1d8,0x00000000c4b00000)
 Metaspace       used 93474K, committed 95296K, reserved 1179648K
  class space    used 9597K, committed 10496K, reserved 1048576K
}
Event: 15878.338 GC heap before
{Heap before GC invocations=2752 (full 5):
 PSYoungGen      total 7168K, used 6738K [0x00000000d5580000, 0x00000000d6300000, 0x0000000100000000)
  eden space 4096K, 98% used [0x00000000d5580000,0x00000000d5974b20,0x00000000d5980000)
  from space 3072K, 87% used [0x00000000d6000000,0x00000000d62a0000,0x00000000d6300000)
  to   space 4096K, 0% used [0x00000000d5b00000,0x00000000d5b00000,0x00000000d5f00000)
 ParOldGen       total 1125376K, used 1125308K [0x0000000080000000, 0x00000000c4b00000, 0x00000000d5580000)
  object space 1125376K, 99% used [0x0000000080000000,0x00000000c4aef1d8,0x00000000c4b00000)
 Metaspace       used 93474K, committed 95296K, reserved 1179648K
  class space    used 9597K, committed 10496K, reserved 1048576K
}
Event: 15878.346 GC heap after
{Heap after GC invocations=2752 (full 5):
 PSYoungGen      total 7168K, used 1892K [0x00000000d5580000, 0x00000000d6080000, 0x0000000100000000)
  eden space 5120K, 0% used [0x00000000d5580000,0x00000000d5580000,0x00000000d5a80000)
  from space 2048K, 92% used [0x00000000d5b00000,0x00000000d5cd9228,0x00000000d5d00000)
  to   space 2560K, 0% used [0x00000000d5e00000,0x00000000d5e00000,0x00000000d6080000)
 ParOldGen       total 1127936K, used 1127444K [0x0000000080000000, 0x00000000c4d80000, 0x00000000d5580000)
  object space 1127936K, 99% used [0x0000000080000000,0x00000000c4d051d8,0x00000000c4d80000)
 Metaspace       used 93474K, committed 95296K, reserved 1179648K
  class space    used 9597K, committed 10496K, reserved 1048576K
}
Event: 15878.577 GC heap before
{Heap before GC invocations=2753 (full 5):
 PSYoungGen      total 7168K, used 7004K [0x00000000d5580000, 0x00000000d6080000, 0x0000000100000000)
  eden space 5120K, 99% used [0x00000000d5580000,0x00000000d5a7e070,0x00000000d5a80000)
  from space 2048K, 92% used [0x00000000d5b00000,0x00000000d5cd9228,0x00000000d5d00000)
  to   space 2560K, 0% used [0x00000000d5e00000,0x00000000d5e00000,0x00000000d6080000)
 ParOldGen       total 1127936K, used 1127444K [0x0000000080000000, 0x00000000c4d80000, 0x00000000d5580000)
  object space 1127936K, 99% used [0x0000000080000000,0x00000000c4d051d8,0x00000000c4d80000)
 Metaspace       used 93476K, committed 95296K, reserved 1179648K
  class space    used 9597K, committed 10496K, reserved 1048576K
}
Event: 15878.589 GC heap after
{Heap after GC invocations=2753 (full 5):
 PSYoungGen      total 4608K, used 2543K [0x00000000d5580000, 0x00000000d6780000, 0x0000000100000000)
  eden space 2048K, 0% used [0x00000000d5580000,0x00000000d5580000,0x00000000d5780000)
  from space 2560K, 99% used [0x00000000d5e00000,0x00000000d607bca0,0x00000000d6080000)
  to   space 6656K, 0% used [0x00000000d5780000,0x00000000d5780000,0x00000000d5e00000)
 ParOldGen       total 1131008K, used 1130634K [0x0000000080000000, 0x00000000c5080000, 0x00000000d5580000)
  object space 1131008K, 99% used [0x0000000080000000,0x00000000c5022920,0x00000000c5080000)
 Metaspace       used 93476K, committed 95296K, reserved 1179648K
  class space    used 9597K, committed 10496K, reserved 1048576K
}
Event: 15878.738 GC heap before
{Heap before GC invocations=2754 (full 5):
 PSYoungGen      total 4608K, used 4591K [0x00000000d5580000, 0x00000000d6780000, 0x0000000100000000)
  eden space 2048K, 100% used [0x00000000d5580000,0x00000000d5780000,0x00000000d5780000)
  from space 2560K, 99% used [0x00000000d5e00000,0x00000000d607bca0,0x00000000d6080000)
  to   space 6656K, 0% used [0x00000000d5780000,0x00000000d5780000,0x00000000d5e00000)
 ParOldGen       total 1131008K, used 1130634K [0x0000000080000000, 0x00000000c5080000, 0x00000000d5580000)
  object space 1131008K, 99% used [0x0000000080000000,0x00000000c5022920,0x00000000c5080000)
 Metaspace       used 93476K, committed 95296K, reserved 1179648K
  class space    used 9597K, committed 10496K, reserved 1048576K
}
Event: 15878.750 GC heap after
{Heap after GC invocations=2754 (full 5):
 PSYoungGen      total 3072K, used 640K [0x00000000d5580000, 0x00000000d5e80000, 0x0000000100000000)
  eden space 2048K, 0% used [0x00000000d5580000,0x00000000d5580000,0x00000000d5780000)
  from space 1024K, 62% used [0x00000000d5780000,0x00000000d5820020,0x00000000d5880000)
  to   space 2560K, 0% used [0x00000000d5c00000,0x00000000d5c00000,0x00000000d5e80000)
 ParOldGen       total 1133568K, used 1133113K [0x0000000080000000, 0x00000000c5300000, 0x00000000d5580000)
  object space 1133568K, 99% used [0x0000000080000000,0x00000000c528e630,0x00000000c5300000)
 Metaspace       used 93476K, committed 95296K, reserved 1179648K
  class space    used 9597K, committed 10496K, reserved 1048576K
}
Event: 15880.129 GC heap before
{Heap before GC invocations=2755 (full 5):
 PSYoungGen      total 3072K, used 2688K [0x00000000d5580000, 0x00000000d5e80000, 0x0000000100000000)
  eden space 2048K, 100% used [0x00000000d5580000,0x00000000d5780000,0x00000000d5780000)
  from space 1024K, 62% used [0x00000000d5780000,0x00000000d5820020,0x00000000d5880000)
  to   space 2560K, 0% used [0x00000000d5c00000,0x00000000d5c00000,0x00000000d5e80000)
 ParOldGen       total 1165312K, used 1163833K [0x0000000080000000, 0x00000000c7200000, 0x00000000d5580000)
  object space 1165312K, 99% used [0x0000000080000000,0x00000000c708e660,0x00000000c7200000)
 Metaspace       used 93476K, committed 95296K, reserved 1179648K
  class space    used 9597K, committed 10496K, reserved 1048576K
}
Event: 15880.140 GC heap after
{Heap after GC invocations=2755 (full 5):
 PSYoungGen      total 2560K, used 416K [0x00000000d5580000, 0x00000000d5c80000, 0x0000000100000000)
  eden space 2048K, 0% used [0x00000000d5580000,0x00000000d5580000,0x00000000d5780000)
  from space 512K, 81% used [0x00000000d5c00000,0x00000000d5c68000,0x00000000d5c80000)
  to   space 1024K, 0% used [0x00000000d5a80000,0x00000000d5a80000,0x00000000d5b80000)
 ParOldGen       total 1165312K, used 1164224K [0x0000000080000000, 0x00000000c7200000, 0x00000000d5580000)
  object space 1165312K, 99% used [0x0000000080000000,0x00000000c70f0150,0x00000000c7200000)
 Metaspace       used 93476K, committed 95296K, reserved 1179648K
  class space    used 9597K, committed 10496K, reserved 1048576K
}
Event: 15880.395 GC heap before
{Heap before GC invocations=2756 (full 5):
 PSYoungGen      total 2560K, used 2464K [0x00000000d5580000, 0x00000000d5c80000, 0x0000000100000000)
  eden space 2048K, 100% used [0x00000000d5580000,0x00000000d5780000,0x00000000d5780000)
  from space 512K, 81% used [0x00000000d5c00000,0x00000000d5c68000,0x00000000d5c80000)
  to   space 1024K, 0% used [0x00000000d5a80000,0x00000000d5a80000,0x00000000d5b80000)
 ParOldGen       total 1165312K, used 1164224K [0x0000000080000000, 0x00000000c7200000, 0x00000000d5580000)
  object space 1165312K, 99% used [0x0000000080000000,0x00000000c70f0150,0x00000000c7200000)
 Metaspace       used 93477K, committed 95296K, reserved 1179648K
  class space    used 9597K, committed 10496K, reserved 1048576K
}
Event: 15880.399 GC heap after
{Heap after GC invocations=2756 (full 5):
 PSYoungGen      total 3072K, used 288K [0x00000000d5580000, 0x00000000d5c80000, 0x0000000100000000)
  eden space 2048K, 0% used [0x00000000d5580000,0x00000000d5580000,0x00000000d5780000)
  from space 1024K, 28% used [0x00000000d5a80000,0x00000000d5ac8000,0x00000000d5b80000)
  to   space 512K, 0% used [0x00000000d5c00000,0x00000000d5c00000,0x00000000d5c80000)
 ParOldGen       total 1165312K, used 1164444K [0x0000000080000000, 0x00000000c7200000, 0x00000000d5580000)
  object space 1165312K, 99% used [0x0000000080000000,0x00000000c7127160,0x00000000c7200000)
 Metaspace       used 93477K, committed 95296K, reserved 1179648K
  class space    used 9597K, committed 10496K, reserved 1048576K
}
Event: 16053.726 GC heap before
{Heap before GC invocations=2757 (full 5):
 PSYoungGen      total 3072K, used 2322K [0x00000000d5580000, 0x00000000d5c80000, 0x0000000100000000)
  eden space 2048K, 99% used [0x00000000d5580000,0x00000000d577cb18,0x00000000d5780000)
  from space 1024K, 28% used [0x00000000d5a80000,0x00000000d5ac8000,0x00000000d5b80000)
  to   space 512K, 0% used [0x00000000d5c00000,0x00000000d5c00000,0x00000000d5c80000)
 ParOldGen       total 1165312K, used 1164444K [0x0000000080000000, 0x00000000c7200000, 0x00000000d5580000)
  object space 1165312K, 99% used [0x0000000080000000,0x00000000c7127160,0x00000000c7200000)
 Metaspace       used 93481K, committed 95296K, reserved 1179648K
  class space    used 9597K, committed 10496K, reserved 1048576K
}
Event: 16054.152 GC heap after
{Heap after GC invocations=2757 (full 5):
 PSYoungGen      total 2560K, used 416K [0x00000000d5580000, 0x00000000d5c80000, 0x0000000100000000)
  eden space 2048K, 0% used [0x00000000d5580000,0x00000000d5580000,0x00000000d5780000)
  from space 512K, 81% used [0x00000000d5c00000,0x00000000d5c68060,0x00000000d5c80000)
  to   space 512K, 0% used [0x00000000d5b80000,0x00000000d5b80000,0x00000000d5c00000)
 ParOldGen       total 1165312K, used 1164484K [0x0000000080000000, 0x00000000c7200000, 0x00000000d5580000)
  object space 1165312K, 99% used [0x0000000080000000,0x00000000c7131160,0x00000000c7200000)
 Metaspace       used 93481K, committed 95296K, reserved 1179648K
  class space    used 9597K, committed 10496K, reserved 1048576K
}

